#! /usr/local/Cellar/icarus-verilog/10.2_1/bin/vvp
:ivl_version "10.2 (stable)" "(v10_2)";
:ivl_delay_selection "TYPICAL";
:vpi_time_precision + 0;
:vpi_module "system";
:vpi_module "vhdl_sys";
:vpi_module "v2005_math";
:vpi_module "va_math";
S_0x7ff5d0503250 .scope module, "dualpreg1" "dualpreg1" 2 3;
 .timescale 0 0;
    .port_info 0 /INPUT 1 "clk"
    .port_info 1 /INPUT 1 "we"
    .port_info 2 /INPUT 1 "clr"
    .port_info 3 /INPUT 8 "OR2"
    .port_info 4 /INPUT 8 "A_in"
    .port_info 5 /INPUT 8 "B_in"
    .port_info 6 /INPUT 8 "ALU_IN"
    .port_info 7 /INPUT 8 "SP"
    .port_info 8 /INPUT 8 "mem"
    .port_info 9 /INPUT 3 "mux_sel"
    .port_info 10 /INPUT 3 "read_seg"
    .port_info 11 /INPUT 3 "write_seg"
    .port_info 12 /OUTPUT 8 "dataout_A"
    .port_info 13 /OUTPUT 8 "dataout_B"
o0x10ab40008 .functor BUFZ 8, C4<zzzzzzzz>; HiZ drive
v0x7ff5d050e2b0_0 .net "ALU_IN", 7 0, o0x10ab40008;  0 drivers
o0x10ab40038 .functor BUFZ 8, C4<zzzzzzzz>; HiZ drive
v0x7ff5d051e080_0 .net "A_in", 7 0, o0x10ab40038;  0 drivers
o0x10ab40068 .functor BUFZ 8, C4<zzzzzzzz>; HiZ drive
v0x7ff5d051e120_0 .net "B_in", 7 0, o0x10ab40068;  0 drivers
o0x10ab40098 .functor BUFZ 8, C4<zzzzzzzz>; HiZ drive
v0x7ff5d051e1d0_0 .net "OR2", 7 0, o0x10ab40098;  0 drivers
o0x10ab400c8 .functor BUFZ 8, C4<zzzzzzzz>; HiZ drive
v0x7ff5d051e280_0 .net "SP", 7 0, o0x10ab400c8;  0 drivers
o0x10ab400f8 .functor BUFZ 1, C4<z>; HiZ drive
v0x7ff5d051e370_0 .net "clk", 0 0, o0x10ab400f8;  0 drivers
o0x10ab40128 .functor BUFZ 1, C4<z>; HiZ drive
v0x7ff5d051e410_0 .net "clr", 0 0, o0x10ab40128;  0 drivers
v0x7ff5d051e4b0_0 .var "dataout_A", 7 0;
v0x7ff5d051e560_0 .var "dataout_B", 7 0;
o0x10ab401b8 .functor BUFZ 8, C4<zzzzzzzz>; HiZ drive
v0x7ff5d051e670_0 .net "mem", 7 0, o0x10ab401b8;  0 drivers
o0x10ab401e8 .functor BUFZ 3, C4<zzz>; HiZ drive
v0x7ff5d051e720_0 .net "mux_sel", 2 0, o0x10ab401e8;  0 drivers
o0x10ab40218 .functor BUFZ 3, C4<zzz>; HiZ drive
v0x7ff5d051e7d0_0 .net "read_seg", 2 0, o0x10ab40218;  0 drivers
v0x7ff5d051e880 .array "regmemory", 0 7, 7 0;
o0x10ab40248 .functor BUFZ 1, C4<z>; HiZ drive
v0x7ff5d051e920_0 .net "we", 0 0, o0x10ab40248;  0 drivers
o0x10ab40278 .functor BUFZ 3, C4<zzz>; HiZ drive
v0x7ff5d051e9c0_0 .net "write_seg", 2 0, o0x10ab40278;  0 drivers
E_0x7ff5d050d0d0 .event posedge, v0x7ff5d051e370_0;
    .scope S_0x7ff5d0503250;
T_0 ;
    %wait E_0x7ff5d050d0d0;
    %load/vec4 v0x7ff5d051e410_0;
    %flag_set/vec4 8;
    %jmp/0xz  T_0.0, 8;
    %pushi/vec4 0, 0, 8;
    %ix/load 3, 0, 0;
    %flag_set/imm 4, 0;
    %ix/load 4, 0, 0; Constant delay
    %assign/vec4/a/d v0x7ff5d051e880, 0, 4;
    %pushi/vec4 0, 0, 8;
    %ix/load 3, 1, 0;
    %flag_set/imm 4, 0;
    %ix/load 4, 0, 0; Constant delay
    %assign/vec4/a/d v0x7ff5d051e880, 0, 4;
    %pushi/vec4 0, 0, 8;
    %ix/load 3, 2, 0;
    %flag_set/imm 4, 0;
    %ix/load 4, 0, 0; Constant delay
    %assign/vec4/a/d v0x7ff5d051e880, 0, 4;
    %pushi/vec4 0, 0, 8;
    %ix/load 3, 3, 0;
    %flag_set/imm 4, 0;
    %ix/load 4, 0, 0; Constant delay
    %assign/vec4/a/d v0x7ff5d051e880, 0, 4;
    %pushi/vec4 0, 0, 8;
    %ix/load 3, 4, 0;
    %flag_set/imm 4, 0;
    %ix/load 4, 0, 0; Constant delay
    %assign/vec4/a/d v0x7ff5d051e880, 0, 4;
    %pushi/vec4 0, 0, 8;
    %ix/load 3, 5, 0;
    %flag_set/imm 4, 0;
    %ix/load 4, 0, 0; Constant delay
    %assign/vec4/a/d v0x7ff5d051e880, 0, 4;
    %pushi/vec4 0, 0, 8;
    %ix/load 3, 6, 0;
    %flag_set/imm 4, 0;
    %ix/load 4, 0, 0; Constant delay
    %assign/vec4/a/d v0x7ff5d051e880, 0, 4;
    %pushi/vec4 0, 0, 8;
    %ix/load 3, 7, 0;
    %flag_set/imm 4, 0;
    %ix/load 4, 0, 0; Constant delay
    %assign/vec4/a/d v0x7ff5d051e880, 0, 4;
    %jmp T_0.1;
T_0.0 ;
    %load/vec4 v0x7ff5d051e920_0;
    %flag_set/vec4 8;
    %jmp/0xz  T_0.2, 8;
    %load/vec4 v0x7ff5d051e720_0;
    %cmpi/e 0, 0, 3;
    %jmp/0xz  T_0.4, 4;
    %load/vec4 v0x7ff5d051e080_0;
    %load/vec4 v0x7ff5d051e9c0_0;
    %pad/u 5;
    %ix/vec4 4;
    %store/vec4a v0x7ff5d051e880, 4, 0;
    %jmp T_0.5;
T_0.4 ;
    %load/vec4 v0x7ff5d051e720_0;
    %cmpi/e 1, 0, 3;
    %jmp/0xz  T_0.6, 4;
    %load/vec4 v0x7ff5d051e120_0;
    %load/vec4 v0x7ff5d051e9c0_0;
    %pad/u 5;
    %ix/vec4 4;
    %store/vec4a v0x7ff5d051e880, 4, 0;
    %jmp T_0.7;
T_0.6 ;
    %load/vec4 v0x7ff5d051e720_0;
    %cmpi/e 2, 0, 3;
    %jmp/0xz  T_0.8, 4;
    %load/vec4 v0x7ff5d051e1d0_0;
    %load/vec4 v0x7ff5d051e9c0_0;
    %pad/u 5;
    %ix/vec4 4;
    %store/vec4a v0x7ff5d051e880, 4, 0;
    %jmp T_0.9;
T_0.8 ;
    %load/vec4 v0x7ff5d051e720_0;
    %cmpi/e 3, 0, 3;
    %jmp/0xz  T_0.10, 4;
    %load/vec4 v0x7ff5d050e2b0_0;
    %load/vec4 v0x7ff5d051e9c0_0;
    %pad/u 5;
    %ix/vec4 4;
    %store/vec4a v0x7ff5d051e880, 4, 0;
    %jmp T_0.11;
T_0.10 ;
    %load/vec4 v0x7ff5d051e720_0;
    %cmpi/e 4, 0, 3;
    %jmp/0xz  T_0.12, 4;
    %load/vec4 v0x7ff5d051e280_0;
    %ix/load 4, 0, 0;
    %flag_set/imm 4, 0;
    %store/vec4a v0x7ff5d051e880, 4, 0;
    %jmp T_0.13;
T_0.12 ;
    %load/vec4 v0x7ff5d051e720_0;
    %cmpi/e 5, 0, 3;
    %jmp/0xz  T_0.14, 4;
    %load/vec4 v0x7ff5d051e120_0;
    %ix/load 4, 0, 0;
    %flag_set/imm 4, 0;
    %store/vec4a v0x7ff5d051e880, 4, 0;
    %jmp T_0.15;
T_0.14 ;
    %load/vec4 v0x7ff5d051e720_0;
    %cmpi/e 6, 0, 3;
    %jmp/0xz  T_0.16, 4;
    %load/vec4 v0x7ff5d051e670_0;
    %load/vec4 v0x7ff5d051e9c0_0;
    %pad/u 5;
    %ix/vec4 4;
    %store/vec4a v0x7ff5d051e880, 4, 0;
T_0.16 ;
T_0.15 ;
T_0.13 ;
T_0.11 ;
T_0.9 ;
T_0.7 ;
T_0.5 ;
T_0.2 ;
T_0.1 ;
    %jmp T_0;
    .thread T_0;
    .scope S_0x7ff5d0503250;
T_1 ;
    %wait E_0x7ff5d050d0d0;
    %ix/load 4, 0, 0;
    %flag_set/imm 4, 0;
    %load/vec4a v0x7ff5d051e880, 4;
    %assign/vec4 v0x7ff5d051e4b0_0, 0;
    %load/vec4 v0x7ff5d051e7d0_0;
    %pad/u 5;
    %ix/vec4 4;
    %load/vec4a v0x7ff5d051e880, 4;
    %assign/vec4 v0x7ff5d051e560_0, 0;
    %jmp T_1;
    .thread T_1;
# The file index is used to find the file name in the following table.
:file_names 3;
    "N/A";
    "<interactive>";
    "dualpreg1.v";
